{"/Users/hari/Wrkspc/Tutorials/nodejs_10_hours/hour_07/lib/math.js":{"path":"/Users/hari/Wrkspc/Tutorials/nodejs_10_hours/hour_07/lib/math.js","s":{"1":1,"2":1,"3":1,"4":0},"b":{},"f":{"1":1,"2":0},"fnMap":{"1":{"name":"(anonymous_1)","line":3,"loc":{"start":{"line":3,"column":14},"end":{"line":3,"column":30}}},"2":{"name":"(anonymous_2)","line":7,"loc":{"start":{"line":7,"column":19},"end":{"line":7,"column":33}}}},"statementMap":{"1":{"start":{"line":3,"column":0},"end":{"line":5,"column":2}},"2":{"start":{"line":4,"column":4},"end":{"line":4,"column":17}},"3":{"start":{"line":7,"column":0},"end":{"line":9,"column":2}},"4":{"start":{"line":8,"column":4},"end":{"line":8,"column":17}}},"branchMap":{}}}